0 info it worked if it ends with ok
1 verbose cli [ '/usr/local/bin/node',
1 verbose cli   '/usr/local/bin/npm',
1 verbose cli   'install',
1 verbose cli   '-g',
1 verbose cli   'forever' ]
2 info using npm@2.5.1
3 info using node@v0.12.0
4 silly cache add args [ 'forever', null ]
5 verbose cache add spec forever
6 silly cache add parsed spec { raw: 'forever',
6 silly cache add   scope: null,
6 silly cache add   name: 'forever',
6 silly cache add   rawSpec: '',
6 silly cache add   spec: '*',
6 silly cache add   type: 'range' }
7 verbose addNamed forever@*
8 silly addNamed semver.valid null
9 silly addNamed semver.validRange *
10 silly addNameRange { name: 'forever', range: '*', hasData: false }
11 silly mapToRegistry name forever
12 silly mapToRegistry using default registry
13 silly mapToRegistry registry https://registry.npmjs.org/
14 silly mapToRegistry uri https://registry.npmjs.org/forever
15 verbose addNameRange registry:https://registry.npmjs.org/forever not in flight; fetching
16 verbose request uri https://registry.npmjs.org/forever
17 verbose request no auth needed
18 info attempt registry request try #1 at 17:26:11
19 verbose request id 55b7f3d42b102788
20 http request GET https://registry.npmjs.org/forever
21 http 200 https://registry.npmjs.org/forever
22 silly get cb [ 200,
22 silly get   { server: 'CouchDB/1.5.0 (Erlang OTP/R16B03)',
22 silly get     etag: '"3QJS5TFT1UFHRTW43JSR5T5C6"',
22 silly get     'content-type': 'application/json',
22 silly get     'cache-control': 'max-age=60',
22 silly get     'content-length': '73961',
22 silly get     'accept-ranges': 'bytes',
22 silly get     date: 'Mon, 25 May 2015 09:28:06 GMT',
22 silly get     via: '1.1 varnish',
22 silly get     age: '0',
22 silly get     connection: 'keep-alive',
22 silly get     'x-served-by': 'cache-dfw1829-DFW',
22 silly get     'x-cache': 'HIT',
22 silly get     'x-cache-hits': '1',
22 silly get     'x-timer': 'S1432546086.683361,VS0,VE47',
22 silly get     vary: 'Accept' } ]
23 verbose get saving forever to /home/redluo/.npm/registry.npmjs.org/forever/.cache.json
24 silly addNameRange number 2 { name: 'forever', range: '*', hasData: true }
25 silly addNameRange versions [ 'forever',
25 silly addNameRange   [ '0.6.0',
25 silly addNameRange     '0.6.1',
25 silly addNameRange     '0.6.2',
25 silly addNameRange     '0.6.3',
25 silly addNameRange     '0.6.4',
25 silly addNameRange     '0.6.5',
25 silly addNameRange     '0.6.6',
25 silly addNameRange     '0.6.7',
25 silly addNameRange     '0.6.8',
25 silly addNameRange     '0.6.9',
25 silly addNameRange     '0.7.0',
25 silly addNameRange     '0.7.1',
25 silly addNameRange     '0.7.2',
25 silly addNameRange     '0.7.3',
25 silly addNameRange     '0.7.4',
25 silly addNameRange     '0.7.5',
25 silly addNameRange     '0.8.0',
25 silly addNameRange     '0.8.1',
25 silly addNameRange     '0.8.2',
25 silly addNameRange     '0.8.3',
25 silly addNameRange     '0.8.4',
25 silly addNameRange     '0.8.5',
25 silly addNameRange     '0.9.0',
25 silly addNameRange     '0.9.1',
25 silly addNameRange     '0.9.2',
25 silly addNameRange     '0.10.0',
25 silly addNameRange     '0.10.5',
25 silly addNameRange     '0.10.6',
25 silly addNameRange     '0.10.7',
25 silly addNameRange     '0.10.8',
25 silly addNameRange     '0.10.9',
25 silly addNameRange     '0.10.10',
25 silly addNameRange     '0.10.11',
25 silly addNameRange     '0.11.0',
25 silly addNameRange     '0.11.1',
25 silly addNameRange     '0.12.0',
25 silly addNameRange     '0.13.0',
25 silly addNameRange     '0.14.1' ] ]
26 verbose addNamed forever@0.14.1
27 silly addNamed semver.valid 0.14.1
28 silly addNamed semver.validRange 0.14.1
29 silly mapToRegistry name forever
30 silly mapToRegistry using default registry
31 silly mapToRegistry registry https://registry.npmjs.org/
32 silly mapToRegistry uri https://registry.npmjs.org/forever
33 verbose addRemoteTarball https://registry.npmjs.org/forever/-/forever-0.14.1.tgz not in flight; adding
34 verbose addRemoteTarball [ 'https://registry.npmjs.org/forever/-/forever-0.14.1.tgz',
34 verbose addRemoteTarball   '48bed8c2b215be5c1a3bf429275514a4dca1158a' ]
35 info retry fetch attempt 1 at 17:26:13
36 info attempt registry request try #1 at 17:26:13
37 http fetch GET https://registry.npmjs.org/forever/-/forever-0.14.1.tgz
38 http fetch 200 https://registry.npmjs.org/forever/-/forever-0.14.1.tgz
39 silly fetchAndShaCheck shasum 48bed8c2b215be5c1a3bf429275514a4dca1158a
40 verbose addTmpTarball /tmp/npm-27578-86f37f72/registry.npmjs.org/forever/-/forever-0.14.1.tgz not in flight; adding
41 verbose addTmpTarball already have metadata; skipping unpack for forever@0.14.1
42 silly cache afterAdd forever@0.14.1
43 verbose afterAdd /home/redluo/.npm/forever/0.14.1/package/package.json not in flight; writing
44 verbose afterAdd /home/redluo/.npm/forever/0.14.1/package/package.json written
45 silly install resolved [ { name: 'forever',
45 silly install resolved     preferGlobal: 'true',
45 silly install resolved     description: 'A simple CLI tool for ensuring that a given node script runs continuously (i.e. forever)',
45 silly install resolved     version: '0.14.1',
45 silly install resolved     author: { name: 'Charlie Robbins', email: 'charlie.robbins@gmail.com' },
45 silly install resolved     maintainers: [ [Object], [Object], [Object], [Object], [Object] ],
45 silly install resolved     repository: { type: 'git', url: 'http://github.com/nodejitsu/forever.git' },
45 silly install resolved     keywords: [ 'cli', 'fault tolerant', 'sysadmin', 'tools' ],
45 silly install resolved     dependencies:
45 silly install resolved      { colors: '~0.6.2',
45 silly install resolved        cliff: '~0.1.9',
45 silly install resolved        flatiron: '~0.4.2',
45 silly install resolved        'forever-monitor': '~1.5.1',
45 silly install resolved        nconf: '~0.6.9',
45 silly install resolved        nssocket: '~0.5.1',
45 silly install resolved        optimist: '~0.6.0',
45 silly install resolved        timespan: '~2.3.0',
45 silly install resolved        utile: '~0.2.1',
45 silly install resolved        winston: '~0.8.1' },
45 silly install resolved     devDependencies:
45 silly install resolved      { broadway: '~0.3.6',
45 silly install resolved        eventemitter2: '0.4.x',
45 silly install resolved        request: '2.x.x',
45 silly install resolved        vows: '0.7.x' },
45 silly install resolved     bin: { forever: './bin/forever' },
45 silly install resolved     main: './lib/forever',
45 silly install resolved     scripts: { test: 'vows test/**/*-test.js --spec -i' },
45 silly install resolved     engines: { node: '>= 0.8.x' },
45 silly install resolved     gitHead: '509eaf24deaf1ea8515298d5fcf16708715e658c',
45 silly install resolved     bugs: { url: 'https://github.com/nodejitsu/forever/issues' },
45 silly install resolved     homepage: 'https://github.com/nodejitsu/forever',
45 silly install resolved     _id: 'forever@0.14.1',
45 silly install resolved     _shasum: '48bed8c2b215be5c1a3bf429275514a4dca1158a',
45 silly install resolved     _from: 'forever@*',
45 silly install resolved     _npmVersion: '2.2.0',
45 silly install resolved     _nodeVersion: '0.10.33',
45 silly install resolved     _npmUser: { name: 'indexzero', email: 'charlie.robbins@gmail.com' },
45 silly install resolved     dist:
45 silly install resolved      { shasum: '48bed8c2b215be5c1a3bf429275514a4dca1158a',
45 silly install resolved        tarball: 'http://registry.npmjs.org/forever/-/forever-0.14.1.tgz' },
45 silly install resolved     directories: {},
45 silly install resolved     _resolved: 'https://registry.npmjs.org/forever/-/forever-0.14.1.tgz' } ]
46 info install forever@0.14.1 into /usr/local/lib
47 info installOne forever@0.14.1
48 verbose installOne of forever to /usr/local/lib not in flight; installing
49 verbose lock using /home/redluo/.npm/_locks/forever-ae9c3f2b6cc23ec5.lock for /usr/local/lib/node_modules/forever
50 silly install write writing forever 0.14.1 to /usr/local/lib/node_modules/forever
51 silly cache addNamed cb forever@0.14.1
52 verbose unbuild lib/node_modules/forever
53 info preuninstall forever@0.14.1
54 info uninstall forever@0.14.1
55 verbose unbuild rmStuff forever@0.14.1 from /usr/local/lib/node_modules
56 verbose gentlyRm verifying that /usr/local is managed by npm
57 silly isManaged /usr/local is not inside /usr/local/lib/node_modules
58 silly isManaged /usr/local is not inside /usr/local/lib/node_modules
59 silly isManaged /usr/local/bin is inside /usr/local
60 silly gentlyRm /usr/local is managed by npm
61 silly gentlyRm /usr/local/bin/forever is under /usr/local
62 verbose gentlyRm vacuuming /usr/local/bin/forever up to /usr/local
63 silly gentlyRm removing /usr/local/bin/forever
64 verbose unlock done using /home/redluo/.npm/_locks/forever-ae9c3f2b6cc23ec5.lock for /usr/local/lib/node_modules/forever
65 verbose stack Error: EACCES, unlink '/usr/local/bin/forever'
65 verbose stack     at Error (native)
66 verbose cwd /home/redluo/workspace/new
67 error Linux 3.11.0-26-generic
68 error argv "/usr/local/bin/node" "/usr/local/bin/npm" "install" "-g" "forever"
69 error node v0.12.0
70 error npm  v2.5.1
71 error path /usr/local/bin/forever
72 error code EACCES
73 error errno -13
74 error Error: EACCES, unlink '/usr/local/bin/forever'
74 error     at Error (native)
74 error  { [Error: EACCES, unlink '/usr/local/bin/forever'] errno: -13, code: 'EACCES', path: '/usr/local/bin/forever' }
75 error Please try running this command again as root/Administrator.
76 verbose exit [ -13, true ]
77 verbose unbuild lib/node_modules/forever
78 info preuninstall forever@0.14.1
79 info uninstall forever@0.14.1
80 verbose unbuild rmStuff forever@0.14.1 from /usr/local/lib/node_modules
81 verbose gentlyRm verifying that /usr/local is managed by npm
82 silly isManaged /usr/local is not inside /usr/local/lib/node_modules
83 silly isManaged /usr/local is not inside /usr/local/lib/node_modules
84 silly isManaged /usr/local is not inside /usr/local/bin
85 silly isManaged /usr/local is inside /usr/local
86 silly gentlyRm /usr/local is managed by npm
87 silly gentlyRm /usr/local/bin/forever is under /usr/local
88 verbose gentlyRm vacuuming /usr/local/bin/forever up to /usr/local
89 silly gentlyRm removing /usr/local/bin/forever
90 error error rolling back Error: EACCES, unlink '/usr/local/bin/forever'
90 error error rolling back     at Error (native)
90 error error rolling back  { [Error: EACCES, unlink '/usr/local/bin/forever'] errno: -13, code: 'EACCES', path: '/usr/local/bin/forever' }
